c:\users\afeka\desktop\first example\first example\debug\first.obj
c:\users\afeka\desktop\first example\first example\debug\vc100.pdb
c:\users\afeka\desktop\bicycle\first example\first example\debug\first.obj
c:\users\afeka\desktop\bicycle\first example\first example\debug\vc100.pdb
c:\users\afeka\desktop\g\moving_wheels\first example\first example\debug\first.obj
c:\users\afeka\desktop\g\moving_wheels\first example\first example\debug\vc100.pdb
c:\users\afeka\desktop\gr\bicycle\first example\first example\debug\first.obj
c:\users\afeka\desktop\gr\bicycle\first example\first example\debug\vc100.pdb
c:\users\afeka\desktop\basketball\first example\first example\debug\first.obj
c:\users\afeka\desktop\basketball\first example\first example\debug\vc100.pdb
c:\users\afeka\desktop\waves\first example\first example\debug\first.obj
c:\users\afeka\desktop\waves\first example\first example\debug\vc100.pdb
c:\users\afeka\desktop\terrain\first example\first example\debug\first.obj
c:\users\afeka\desktop\terrain\first example\first example\debug\vc100.pdb
c:\users\afeka\desktop\sphere\first example\first example\debug\first.obj
c:\users\afeka\desktop\sphere\first example\first example\debug\vc100.pdb
c:\users\afeka\desktop\airplane\first example\first example\debug\first.obj
c:\users\afeka\desktop\airplane\first example\first example\debug\vc100.pdb
c:\users\afeka\desktop\lt\first example\first example\debug\first.obj
c:\users\afeka\desktop\lt\first example\first example\debug\vc100.pdb
c:\users\afeka\desktop\first example\debug\first example.ilk
c:\users\afeka\desktop\first example\debug\first example.exe
c:\users\afeka\desktop\first example\first example\debug\first example.exe.intermediate.manifest
c:\users\afeka\desktop\first example\debug\first example.pdb
c:\users\afeka\desktop\bicycle\first example\debug\first example.ilk
c:\users\afeka\desktop\bicycle\first example\debug\first example.exe
c:\users\afeka\desktop\bicycle\first example\first example\debug\first example.exe.intermediate.manifest
c:\users\afeka\desktop\bicycle\first example\debug\first example.pdb
c:\users\afeka\desktop\g\moving_wheels\first example\debug\first example.ilk
c:\users\afeka\desktop\g\moving_wheels\first example\debug\first example.exe
c:\users\afeka\desktop\g\moving_wheels\first example\first example\debug\first example.exe.intermediate.manifest
c:\users\afeka\desktop\g\moving_wheels\first example\debug\first example.pdb
c:\users\afeka\desktop\gr\bicycle\first example\debug\first example.ilk
c:\users\afeka\desktop\gr\bicycle\first example\debug\first example.exe
c:\users\afeka\desktop\gr\bicycle\first example\first example\debug\first example.exe.intermediate.manifest
c:\users\afeka\desktop\gr\bicycle\first example\debug\first example.pdb
c:\users\afeka\desktop\basketball\first example\debug\first example.ilk
c:\users\afeka\desktop\basketball\first example\debug\first example.exe
c:\users\afeka\desktop\basketball\first example\first example\debug\first example.exe.intermediate.manifest
c:\users\afeka\desktop\basketball\first example\debug\first example.pdb
c:\users\afeka\desktop\waves\first example\debug\first example.ilk
c:\users\afeka\desktop\waves\first example\debug\first example.exe
c:\users\afeka\desktop\waves\first example\first example\debug\first example.exe.intermediate.manifest
c:\users\afeka\desktop\waves\first example\debug\first example.pdb
c:\users\afeka\desktop\terrain\first example\debug\first example.ilk
c:\users\afeka\desktop\terrain\first example\debug\first example.exe
c:\users\afeka\desktop\terrain\first example\first example\debug\first example.exe.intermediate.manifest
c:\users\afeka\desktop\terrain\first example\debug\first example.pdb
c:\users\afeka\desktop\sphere\first example\debug\first example.ilk
c:\users\afeka\desktop\sphere\first example\debug\first example.exe
c:\users\afeka\desktop\sphere\first example\first example\debug\first example.exe.intermediate.manifest
c:\users\afeka\desktop\sphere\first example\debug\first example.pdb
c:\users\afeka\desktop\airplane\first example\debug\first example.ilk
c:\users\afeka\desktop\airplane\first example\debug\first example.exe
c:\users\afeka\desktop\airplane\first example\first example\debug\first example.exe.intermediate.manifest
c:\users\afeka\desktop\airplane\first example\debug\first example.pdb
c:\users\afeka\desktop\lt\first example\debug\first example.ilk
c:\users\afeka\desktop\lt\first example\debug\first example.exe
c:\users\afeka\desktop\lt\first example\first example\debug\first example.exe.intermediate.manifest
c:\users\afeka\desktop\lt\first example\debug\first example.pdb
c:\users\afeka\desktop\first example\first example\debug\first example.exe.embed.manifest
c:\users\afeka\desktop\first example\first example\debug\first example.exe.embed.manifest.res
c:\users\afeka\desktop\bicycle\first example\first example\debug\first example.exe.embed.manifest.res
c:\users\afeka\desktop\g\moving_wheels\first example\first example\debug\first example.exe.embed.manifest.res
c:\users\afeka\desktop\gr\bicycle\first example\first example\debug\first example.exe.embed.manifest.res
c:\users\afeka\desktop\basketball\first example\first example\debug\first example.exe.embed.manifest.res
c:\users\afeka\desktop\waves\first example\first example\debug\first example.exe.embed.manifest.res
c:\users\afeka\desktop\terrain\first example\first example\debug\first example.exe.embed.manifest.res
c:\users\afeka\desktop\sphere\first example\first example\debug\first example.exe.embed.manifest.res
c:\users\afeka\desktop\airplane\first example\first example\debug\first example.exe.embed.manifest.res
c:\users\afeka\desktop\lt\first example\first example\debug\first example.exe.embed.manifest.res
c:\afeka\2016\summer\graphics\hw\first example\first example\debug\vc140.pdb
c:\afeka\2016\summer\graphics\hw\first example\first example\debug\vc140.idb
c:\afeka\2016\summer\graphics\hw\first example\first example\debug\first.obj
c:\afeka\2016\summer\graphics\hw\first example\debug\first example.ilk
c:\afeka\2016\summer\graphics\hw\first example\debug\first example.exe
c:\afeka\2016\summer\graphics\hw\first example\debug\first example.pdb
c:\afeka\2016\summer\graphics\hw\first example\first example\debug\first example.vcxprojresolveassemblyreference.cache
c:\afeka\2016\summer\graphics\hw\first example\first example\debug\cl.command.1.tlog
c:\afeka\2016\summer\graphics\hw\first example\first example\debug\cl.read.1.tlog
c:\afeka\2016\summer\graphics\hw\first example\first example\debug\cl.write.1.tlog
c:\afeka\2016\summer\graphics\hw\first example\first example\debug\first example.write.1.tlog
c:\afeka\2016\summer\graphics\hw\first example\first example\debug\link-cvtres.read.1.tlog
c:\afeka\2016\summer\graphics\hw\first example\first example\debug\link-cvtres.write.1.tlog
c:\afeka\2016\summer\graphics\hw\first example\first example\debug\link.1772-cvtres.read.1.tlog
c:\afeka\2016\summer\graphics\hw\first example\first example\debug\link.1772-cvtres.write.1.tlog
c:\afeka\2016\summer\graphics\hw\first example\first example\debug\link.1772.read.1.tlog
c:\afeka\2016\summer\graphics\hw\first example\first example\debug\link.1772.write.1.tlog
c:\afeka\2016\summer\graphics\hw\first example\first example\debug\link.2620-cvtres.read.1.tlog
c:\afeka\2016\summer\graphics\hw\first example\first example\debug\link.2620-cvtres.write.1.tlog
c:\afeka\2016\summer\graphics\hw\first example\first example\debug\link.2620.read.1.tlog
c:\afeka\2016\summer\graphics\hw\first example\first example\debug\link.2620.write.1.tlog
c:\afeka\2016\summer\graphics\hw\first example\first example\debug\link.2988-cvtres.read.1.tlog
c:\afeka\2016\summer\graphics\hw\first example\first example\debug\link.2988-cvtres.write.1.tlog
c:\afeka\2016\summer\graphics\hw\first example\first example\debug\link.2988.read.1.tlog
c:\afeka\2016\summer\graphics\hw\first example\first example\debug\link.2988.write.1.tlog
c:\afeka\2016\summer\graphics\hw\first example\first example\debug\link.3164-cvtres.read.1.tlog
c:\afeka\2016\summer\graphics\hw\first example\first example\debug\link.3164-cvtres.write.1.tlog
c:\afeka\2016\summer\graphics\hw\first example\first example\debug\link.3164.read.1.tlog
c:\afeka\2016\summer\graphics\hw\first example\first example\debug\link.3164.write.1.tlog
c:\afeka\2016\summer\graphics\hw\first example\first example\debug\link.3672-cvtres.read.1.tlog
c:\afeka\2016\summer\graphics\hw\first example\first example\debug\link.3672-cvtres.write.1.tlog
c:\afeka\2016\summer\graphics\hw\first example\first example\debug\link.3672.read.1.tlog
c:\afeka\2016\summer\graphics\hw\first example\first example\debug\link.3672.write.1.tlog
c:\afeka\2016\summer\graphics\hw\first example\first example\debug\link.6160-cvtres.read.1.tlog
c:\afeka\2016\summer\graphics\hw\first example\first example\debug\link.6160-cvtres.write.1.tlog
c:\afeka\2016\summer\graphics\hw\first example\first example\debug\link.6160.read.1.tlog
c:\afeka\2016\summer\graphics\hw\first example\first example\debug\link.6160.write.1.tlog
c:\afeka\2016\summer\graphics\hw\first example\first example\debug\link.640-cvtres.read.1.tlog
c:\afeka\2016\summer\graphics\hw\first example\first example\debug\link.640-cvtres.write.1.tlog
c:\afeka\2016\summer\graphics\hw\first example\first example\debug\link.640.read.1.tlog
c:\afeka\2016\summer\graphics\hw\first example\first example\debug\link.640.write.1.tlog
c:\afeka\2016\summer\graphics\hw\first example\first example\debug\link.6468-cvtres.read.1.tlog
c:\afeka\2016\summer\graphics\hw\first example\first example\debug\link.6468-cvtres.write.1.tlog
c:\afeka\2016\summer\graphics\hw\first example\first example\debug\link.6468.read.1.tlog
c:\afeka\2016\summer\graphics\hw\first example\first example\debug\link.6468.write.1.tlog
c:\afeka\2016\summer\graphics\hw\first example\first example\debug\link.6484-cvtres.read.1.tlog
c:\afeka\2016\summer\graphics\hw\first example\first example\debug\link.6484-cvtres.write.1.tlog
c:\afeka\2016\summer\graphics\hw\first example\first example\debug\link.6484.read.1.tlog
c:\afeka\2016\summer\graphics\hw\first example\first example\debug\link.6484.write.1.tlog
c:\afeka\2016\summer\graphics\hw\first example\first example\debug\link.6732-cvtres.read.1.tlog
c:\afeka\2016\summer\graphics\hw\first example\first example\debug\link.6732-cvtres.write.1.tlog
c:\afeka\2016\summer\graphics\hw\first example\first example\debug\link.6732.read.1.tlog
c:\afeka\2016\summer\graphics\hw\first example\first example\debug\link.6732.write.1.tlog
c:\afeka\2016\summer\graphics\hw\first example\first example\debug\link.6856-cvtres.read.1.tlog
c:\afeka\2016\summer\graphics\hw\first example\first example\debug\link.6856-cvtres.write.1.tlog
c:\afeka\2016\summer\graphics\hw\first example\first example\debug\link.6856.read.1.tlog
c:\afeka\2016\summer\graphics\hw\first example\first example\debug\link.6856.write.1.tlog
c:\afeka\2016\summer\graphics\hw\first example\first example\debug\link.6980-cvtres.read.1.tlog
c:\afeka\2016\summer\graphics\hw\first example\first example\debug\link.6980-cvtres.write.1.tlog
c:\afeka\2016\summer\graphics\hw\first example\first example\debug\link.6980.read.1.tlog
c:\afeka\2016\summer\graphics\hw\first example\first example\debug\link.6980.write.1.tlog
c:\afeka\2016\summer\graphics\hw\first example\first example\debug\link.7016-cvtres.read.1.tlog
c:\afeka\2016\summer\graphics\hw\first example\first example\debug\link.7016-cvtres.write.1.tlog
c:\afeka\2016\summer\graphics\hw\first example\first example\debug\link.7016.read.1.tlog
c:\afeka\2016\summer\graphics\hw\first example\first example\debug\link.7016.write.1.tlog
c:\afeka\2016\summer\graphics\hw\first example\first example\debug\link.7196-cvtres.read.1.tlog
c:\afeka\2016\summer\graphics\hw\first example\first example\debug\link.7196-cvtres.write.1.tlog
c:\afeka\2016\summer\graphics\hw\first example\first example\debug\link.7196.read.1.tlog
c:\afeka\2016\summer\graphics\hw\first example\first example\debug\link.7196.write.1.tlog
c:\afeka\2016\summer\graphics\hw\first example\first example\debug\link.8172-cvtres.read.1.tlog
c:\afeka\2016\summer\graphics\hw\first example\first example\debug\link.8172-cvtres.write.1.tlog
c:\afeka\2016\summer\graphics\hw\first example\first example\debug\link.8172.read.1.tlog
c:\afeka\2016\summer\graphics\hw\first example\first example\debug\link.8172.write.1.tlog
c:\afeka\2016\summer\graphics\hw\first example\first example\debug\link.command.1.tlog
c:\afeka\2016\summer\graphics\hw\first example\first example\debug\link.read.1.tlog
c:\afeka\2016\summer\graphics\hw\first example\first example\debug\link.write.1.tlog
c:\afeka\2016\summer\graphics\hw\first example\first example\debug\mt.command.1.tlog
c:\afeka\2016\summer\graphics\hw\first example\first example\debug\mt.read.1.tlog
c:\afeka\2016\summer\graphics\hw\first example\first example\debug\mt.write.1.tlog
c:\afeka\2016\summer\graphics\hw\first example\first example\debug\rc.command.1.tlog
c:\afeka\2016\summer\graphics\hw\first example\first example\debug\rc.read.1.tlog
c:\afeka\2016\summer\graphics\hw\first example\first example\debug\rc.write.1.tlog
c:\afeka\2016\summer\graphics\hw\first example\first example\debug\first example.exe.embed.manifest
c:\afeka\2016\summer\graphics\hw\first example\first example\debug\first example.exe.intermediate.manifest
c:\afeka\2016\summer\graphics\hw\first example\first example\debug\first example.exe.embed.manifest.res
c:\afeka\2016\summer\graphics\hw\first example\first example\debug\vc100.idb
c:\afeka\2016\summer\graphics\hw\first example\first example\debug\vc100.pdb
c:\afeka\2016\summer\graphics\hw\first example\first example\debug\first example_manifest.rc
c:\afeka\2016\summer\graphics\hw\first example\first example\debug\first example.tlog\cl.command.1.tlog
c:\afeka\2016\summer\graphics\hw\first example\first example\debug\first example.tlog\cl.read.1.tlog
c:\afeka\2016\summer\graphics\hw\first example\first example\debug\first example.tlog\cl.write.1.tlog
c:\afeka\2016\summer\graphics\hw\first example\first example\debug\first example.tlog\link.command.1.tlog
c:\afeka\2016\summer\graphics\hw\first example\first example\debug\first example.tlog\link.read.1.tlog
c:\afeka\2016\summer\graphics\hw\first example\first example\debug\first example.tlog\link.write.1.tlog
